[01:29:10] [main/INFO] (FabricLoader/GameProvider) Loading Minecraft 1.21.8 with Fabric Loader 0.17.2
[01:29:11] [main/INFO] (FabricLoader) Loading 50 mods:
	- colorfulleaves 1.0
	- fabric-api 0.132.0+1.21.8
	- fabric-api-base 0.5.0+cd8c0daa2c
	- fabric-api-lookup-api-v1 1.6.101+946bf4c32c
	- fabric-biome-api-v1 16.0.11+946bf4c32c
	- fabric-block-api-v1 1.1.3+946bf4c32c
	- fabric-block-view-api-v2 1.0.31+946bf4c32c
	- fabric-client-gametest-api-v1 4.2.5+8a98c3fc2c
	- fabric-command-api-v2 2.3.1+52fff9ec2c
	- fabric-content-registries-v0 10.0.19+946bf4c32c
	- fabric-convention-tags-v1 2.1.41+7f945d5b2c
	- fabric-convention-tags-v2 2.15.6+eb5df52f2c
	- fabric-crash-report-info-v1 0.3.15+946bf4c32c
	- fabric-data-attachment-api-v1 1.8.12+38b5f74e2c
	- fabric-data-generation-api-v1 23.2.6+0b1ef9762c
	- fabric-dimensions-v1 4.0.19+946bf4c32c
	- fabric-entity-events-v1 2.1.2+c9e472732c
	- fabric-events-interaction-v0 4.0.24+946bf4c32c
	- fabric-game-rule-api-v1 1.0.73+c64c9c5b2c
	- fabric-gametest-api-v1 3.1.10+39ce47f52c
	- fabric-item-api-v1 11.5.0+02ce13f42c
	- fabric-item-group-api-v1 4.2.14+c5f9bbc12c
	- fabric-key-binding-api-v1 1.0.65+946bf4c32c
	- fabric-lifecycle-events-v1 2.6.4+db4dfd852c
	- fabric-loot-api-v2 3.0.56+3f89f5a52c
	- fabric-loot-api-v3 2.0.3+946bf4c32c
	- fabric-message-api-v1 6.1.2+946bf4c32c
	- fabric-model-loading-api-v1 5.2.6+946bf4c32c
	- fabric-networking-api-v1 5.0.2+946bf4c32c
	- fabric-object-builder-api-v1 21.1.8+946bf4c32c
	- fabric-particles-v1 4.1.8+946bf4c32c
	- fabric-recipe-api-v1 8.1.15+946bf4c32c
	- fabric-registry-sync-v0 6.1.28+946bf4c32c
	- fabric-renderer-api-v1 7.0.3+208eed172c
	- fabric-renderer-indigo 4.0.3+946bf4c32c
	- fabric-rendering-fluids-v1 3.1.31+fa6cb72b2c
	- fabric-rendering-v1 12.5.0+fbe231d52c
	- fabric-resource-conditions-api-v1 5.0.25+98e6d6db2c
	- fabric-resource-loader-v0 3.1.12+020423442c
	- fabric-screen-api-v1 2.1.1+277ecf7d2c
	- fabric-screen-handler-api-v1 1.3.137+946bf4c32c
	- fabric-serialization-api-v1 1.0.0+fc0e5aba2c
	- fabric-sound-api-v1 1.0.42+946bf4c32c
	- fabric-tag-api-v1 1.2.2+946bf4c32c
	- fabric-transfer-api-v1 6.0.6+946bf4c32c
	- fabric-transitive-access-wideners-v1 6.4.1+ac3e15d12c
	- fabricloader 0.17.2
	- java 21
	- minecraft 1.21.8
	- mixinextras 0.5.0
[01:29:11] [main/INFO] (FabricLoader/Mixin) SpongePowered MIXIN Subsystem Version=0.8.7 Source=file:/C:/Users/Izzy/.gradle/caches/modules-2/files-2.1/net.fabricmc/sponge-mixin/0.16.3+mixin.0.8.7/3e535042688d1265447e52ad86950b7d9678a5fa/sponge-mixin-0.16.3+mixin.0.8.7.jar Service=Knot/Fabric Env=CLIENT
[01:29:11] [main/INFO] (FabricLoader/Mixin) Loaded Fabric development mappings for mixin remapper!
[01:29:11] [main/INFO] (FabricLoader/Mixin) Compatibility level set to JAVA_21
[01:29:13] [main/INFO] (FabricLoader/MixinExtras|Service) Initializing MixinExtras via com.llamalad7.mixinextras.service.MixinExtrasServiceImpl(version=0.5.0).
[01:29:14] [Datafixer Bootstrap/INFO] (Minecraft) 269 Datafixer optimizations took 563 milliseconds
[01:29:14] [main/WARN] (PerfmonDisabled) Invalid registry value type detected for PerfOS counters. Should be REG_DWORD. Ignoring: HKEY_LOCAL_MACHINE\SYSTEM\CurrentControlSet\Services\PerfOS\Performance\Disable Performance Counters.
[01:29:20] [Render thread/INFO] (Minecraft) Environment: Environment[sessionHost=https://sessionserver.mojang.com, servicesHost=https://api.minecraftservices.com, name=PROD]
[01:29:21] [Render thread/INFO] (Minecraft) Setting user: Player427
[01:29:21] [Render thread/INFO] (Indigo) [Indigo] Registering Indigo renderer!
[01:29:21] [Render thread/INFO] (FabricDataGenHelper) Running data generator for colorfulleaves
[01:29:21] [Render thread/INFO] (Minecraft) Starting provider: ColorfulLeaves/RedLeavesRecipeProvider
[01:29:22] [Render thread/INFO] (Minecraft) ColorfulLeaves/RedLeavesRecipeProvider finished after 393 ms
[01:29:22] [Render thread/INFO] (Minecraft) Starting provider: ColorfulLeaves/WhiteLeavesRecipeProvider
[01:29:22] [Render thread/INFO] (Minecraft) ColorfulLeaves/WhiteLeavesRecipeProvider finished after 3 ms
[01:29:22] [Render thread/INFO] (Minecraft) Starting provider: ColorfulLeaves/BlackLeavesRecipeProvider
[01:29:22] [Render thread/INFO] (Minecraft) ColorfulLeaves/BlackLeavesRecipeProvider finished after 3 ms
[01:29:22] [Render thread/INFO] (Minecraft) Starting provider: ColorfulLeaves/MagentaLeavesRecipeProvider
[01:29:22] [Render thread/INFO] (Minecraft) ColorfulLeaves/MagentaLeavesRecipeProvider finished after 3 ms
[01:29:22] [Render thread/INFO] (Minecraft) Starting provider: ColorfulLeaves/LightBlueLeavesRecipeProvider
[01:29:22] [Render thread/INFO] (Minecraft) ColorfulLeaves/LightBlueLeavesRecipeProvider finished after 3 ms
[01:29:22] [Render thread/INFO] (Minecraft) Starting provider: ColorfulLeaves/YellowLeavesRecipeProvider
[01:29:22] [Render thread/INFO] (Minecraft) ColorfulLeaves/YellowLeavesRecipeProvider finished after 3 ms
[01:29:22] [Render thread/INFO] (Minecraft) Starting provider: ColorfulLeaves/LimeLeavesRecipeProvider
[01:29:22] [Render thread/INFO] (Minecraft) ColorfulLeaves/LimeLeavesRecipeProvider finished after 3 ms
[01:29:22] [Render thread/INFO] (Minecraft) Starting provider: ColorfulLeaves/PinkLeavesRecipeProvider
[01:29:22] [Render thread/INFO] (Minecraft) ColorfulLeaves/PinkLeavesRecipeProvider finished after 3 ms
[01:29:22] [Render thread/INFO] (Minecraft) Starting provider: ColorfulLeaves/GrayLeavesRecipeProvider
[01:29:22] [Render thread/INFO] (Minecraft) ColorfulLeaves/GrayLeavesRecipeProvider finished after 3 ms
[01:29:22] [Render thread/INFO] (Minecraft) Starting provider: ColorfulLeaves/LightGrayLeavesRecipeProvider
[01:29:22] [Render thread/INFO] (Minecraft) ColorfulLeaves/LightGrayLeavesRecipeProvider finished after 3 ms
[01:29:22] [Render thread/INFO] (Minecraft) Starting provider: ColorfulLeaves/CyanLeavesRecipeProvider
[01:29:22] [Render thread/INFO] (Minecraft) ColorfulLeaves/CyanLeavesRecipeProvider finished after 3 ms
[01:29:22] [Render thread/INFO] (Minecraft) Starting provider: ColorfulLeaves/PurpleLeavesRecipeProvider
[01:29:22] [Render thread/INFO] (Minecraft) ColorfulLeaves/PurpleLeavesRecipeProvider finished after 3 ms
[01:29:22] [Render thread/INFO] (Minecraft) Starting provider: ColorfulLeaves/BlueLeavesRecipeProvider
[01:29:22] [Render thread/INFO] (Minecraft) ColorfulLeaves/BlueLeavesRecipeProvider finished after 5 ms
[01:29:22] [Render thread/INFO] (Minecraft) Starting provider: ColorfulLeaves/BrownLeavesRecipeProvider
[01:29:22] [Render thread/INFO] (Minecraft) ColorfulLeaves/BrownLeavesRecipeProvider finished after 4 ms
[01:29:22] [Render thread/INFO] (Minecraft) Starting provider: ColorfulLeaves/GreenLeavesRecipeProvider
[01:29:22] [Render thread/INFO] (Minecraft) ColorfulLeaves/GreenLeavesRecipeProvider finished after 4 ms
[01:29:22] [Render thread/INFO] (Minecraft) All providers took: 450 ms
[01:29:22] [Render thread/INFO] (Minecraft) Caching: total files: 30, old count: 0, new count: 31, removed stale: 0, written: 30
